<?xml version="1.0" encoding="UTF-8"?>
<beans xmlns="http://www.springframework.org/schema/beans"
       xmlns:xsi="http://www.w3.org/2001/XMLSchema-instance"
       xsi:schemaLocation="http://www.springframework.org/schema/beans http://www.springframework.org/schema/beans/spring-beans.xsd">

    <bean id="dataSource" class="org.springframework.jdbc.datasource.SimpleDriverDataSource">
        <property name="driverClass" value="com.mysql.cj.jdbc.Driver"/>
        <property name="url" value="jdbc:mysql://localhost:13306/testdb?useSSL=false&amp;serverTimezone=UTC"/>
        <property name="username" value="root"/>
        <property name="password" value="root"/>
    </bean>
    <bean id="userDaoJdbc" class="chap1.dao.UserDao">
        <property name="dataSource" ref="dataSource" />
    </bean>
    <bean id="userDao2" class="chap2.dao.UserDaoJdbc">
        <property name="dataSource" ref="dataSource" />
    </bean>

<!--    <bean id="userService" class="org.springframework.aop.framework.ProxyFactoryBean">-->
<!--        <property name="target" ref="userServiceImpl"/>-->
<!--        <property name="interceptorNames">-->
<!--            <list>-->
<!--                <value>transactionAdvisor</value>-->
<!--            </list>-->
<!--        </property>-->
<!--    </bean>-->

    <bean id="userService" class="chap2.service.UserServiceImpl">
        <property name="userDao" ref="userDao2"/>
        <property name="mailSender" ref="mailSender"/>
    </bean>



    <bean id="mailSender" class="chap2.service.DummyMailSender"/>


    <bean id="transactionManager"
          class="org.springframework.jdbc.datasource.DataSourceTransactionManager">
        <property name="dataSource" ref="dataSource"/>
    </bean>

    <bean id="transactionAdvice" class="chap2.service.TransactionAdvice">
        <property name="transactionManager" ref="transactionManager"/>
    </bean>

    <bean id="transactionPointcut" class="chap2.proxy.NameMatchClassMethodPointcut">
        <property name="mappedClassName" value="*ServiceImpl"/>
        <property name="mappedName" value="upgrade*"/>
    </bean>

    <bean id="transactionAdvisor" class="org.springframework.aop.support.DefaultPointcutAdvisor">
        <property name="advice" ref="transactionAdvice"/>
        <property name="pointcut" ref="transactionPointcut"/>
    </bean>

    <bean id="testUserService" class="chap2.service.UserServiceTest$TestUserServiceImpl" parent="userService"/>


</beans>
