<?xml version="1.0" encoding="UTF-8"?>
<beans xmlns="http://www.springframework.org/schema/beans"
       xmlns:xsi="http://www.w3.org/2001/XMLSchema-instance"
       xsi:schemaLocation="http://www.springframework.org/schema/beans http://www.springframework.org/schema/beans/spring-beans.xsd">

    <bean id="dataSource" class="org.springframework.jdbc.datasource.SimpleDriverDataSource">
        <property name="driverClass" value="com.mysql.cj.jdbc.Driver"/>
        <property name="url" value="jdbc:mysql://localhost:13306/testdb?useSSL=false&amp;serverTimezone=UTC"/>
        <property name="username" value="root"/>
        <property name="password" value="root"/>
    </bean>
    <bean id="userDaoJdbc" class="chap1.dao.UserDao">
        <property name="dataSource" ref="dataSource" />
    </bean>
    <bean id="userDao2" class="chap2.dao.UserDaoJdbc">
        <property name="dataSource" ref="dataSource" />
    </bean>

    <bean id="userService" class="chap2.service.UserService">
        <property name="userDao" ref="userDao2"></property>
        <property name="transactionManager" ref="transactionManager"/>
    </bean>

    <bean id="transactionManager"
          class="org.springframework.jdbc.datasource.DataSourceTransactionManager">
        <property name="dataSource" ref="dataSource"/>
    </bean>

</beans>
